echo "create .version file"; \
tools/version.sh -v 2.0 .version; \
chmod 755 .version
create .version file
LN: include/arch/board to board/artik05x/include
LN: include/arch/chip to arch/arm/include/s5j
LN: arch/arm/src/chip to arch/arm/src/s5j
LN: include/apps to ../apps/include
Previous Build Outputs - ../build/output/bin - are deleted
make[1]: Entering directory '/root/tizenrt/apps'
make[2]: Entering directory '/root/tizenrt/apps/examples'
make[3]: Entering directory '/root/tizenrt/apps/examples/mtdpart'
make[3]: Nothing to be done for 'context'.
make[3]: Leaving directory '/root/tizenrt/apps/examples/mtdpart'
make[3]: Entering directory '/root/tizenrt/apps/examples/ntpclient_test'
make[3]: Nothing to be done for 'context'.
make[3]: Leaving directory '/root/tizenrt/apps/examples/ntpclient_test'
make[3]: Entering directory '/root/tizenrt/apps/examples/helloxx'
make[3]: Nothing to be done for 'context'.
make[3]: Leaving directory '/root/tizenrt/apps/examples/helloxx'
make[3]: Entering directory '/root/tizenrt/apps/examples/mqtt_test'
make[3]: Nothing to be done for 'context'.
make[3]: Leaving directory '/root/tizenrt/apps/examples/mqtt_test'
make[3]: Entering directory '/root/tizenrt/apps/examples/tls_server'
make[3]: Nothing to be done for 'context'.
make[3]: Leaving directory '/root/tizenrt/apps/examples/tls_server'
make[3]: Entering directory '/root/tizenrt/apps/examples/iotbus_test'
make[3]: Nothing to be done for 'context'.
make[3]: Leaving directory '/root/tizenrt/apps/examples/iotbus_test'
make[3]: Entering directory '/root/tizenrt/apps/examples/mpu'
make[3]: Nothing to be done for 'context'.
make[3]: Leaving directory '/root/tizenrt/apps/examples/mpu'
make[3]: Entering directory '/root/tizenrt/apps/examples/libcoap_client'
make[3]: Nothing to be done for 'context'.
make[3]: Leaving directory '/root/tizenrt/apps/examples/libcoap_client'
make[3]: Entering directory '/root/tizenrt/apps/examples/mediastreamer'
make[3]: Nothing to be done for 'context'.
make[3]: Leaving directory '/root/tizenrt/apps/examples/mediastreamer'
make[3]: Entering directory '/root/tizenrt/apps/examples/grpc_greeter_client'
make[3]: Nothing to be done for 'context'.
make[3]: Leaving directory '/root/tizenrt/apps/examples/grpc_greeter_client'
make[3]: Entering directory '/root/tizenrt/apps/examples/iotjs_startup'
make[3]: Nothing to be done for 'context'.
make[3]: Leaving directory '/root/tizenrt/apps/examples/iotjs_startup'
make[3]: Entering directory '/root/tizenrt/apps/examples/tls_benchmark'
make[3]: Nothing to be done for 'context'.
make[3]: Leaving directory '/root/tizenrt/apps/examples/tls_benchmark'
make[3]: Entering directory '/root/tizenrt/apps/examples/sensorbd_demo'
make[3]: Nothing to be done for 'context'.
make[3]: Leaving directory '/root/tizenrt/apps/examples/sensorbd_demo'
make[3]: Entering directory '/root/tizenrt/apps/examples/dtls_server'
make[3]: Nothing to be done for 'context'.
make[3]: Leaving directory '/root/tizenrt/apps/examples/dtls_server'
make[3]: Entering directory '/root/tizenrt/apps/examples/wakaama_client'
make[3]: Nothing to be done for 'context'.
make[3]: Leaving directory '/root/tizenrt/apps/examples/wakaama_client'
make[3]: Entering directory '/root/tizenrt/apps/examples/speech_detector_test'
make[3]: Nothing to be done for 'context'.
make[3]: Leaving directory '/root/tizenrt/apps/examples/speech_detector_test'
make[3]: Entering directory '/root/tizenrt/apps/examples/task_manager_sample'
make[3]: Nothing to be done for 'context'.
make[3]: Leaving directory '/root/tizenrt/apps/examples/task_manager_sample'
make[3]: Entering directory '/root/tizenrt/apps/examples/cy4390x_demo'
make[3]: Nothing to be done for 'context'.
make[3]: Leaving directory '/root/tizenrt/apps/examples/cy4390x_demo'
make[3]: Entering directory '/root/tizenrt/apps/examples/smart'
make[3]: Nothing to be done for 'context'.
make[3]: Leaving directory '/root/tizenrt/apps/examples/smart'
make[3]: Entering directory '/root/tizenrt/apps/examples/dnsclient_test'
make[3]: Nothing to be done for 'context'.
make[3]: Leaving directory '/root/tizenrt/apps/examples/dnsclient_test'
make[3]: Entering directory '/root/tizenrt/apps/examples/select_test'
make[3]: Nothing to be done for 'context'.
make[3]: Leaving directory '/root/tizenrt/apps/examples/select_test'
make[3]: Entering directory '/root/tizenrt/apps/examples/ttrace'
make[3]: Nothing to be done for 'context'.
make[3]: Leaving directory '/root/tizenrt/apps/examples/ttrace'
make[3]: Entering directory '/root/tizenrt/apps/examples/eventloop'
make[3]: Nothing to be done for 'context'.
make[3]: Leaving directory '/root/tizenrt/apps/examples/eventloop'
make[3]: Entering directory '/root/tizenrt/apps/examples/webserver'
make[3]: Nothing to be done for 'context'.
make[3]: Leaving directory '/root/tizenrt/apps/examples/webserver'
make[3]: Entering directory '/root/tizenrt/apps/examples/wave_gen'
make[3]: Nothing to be done for 'context'.
make[3]: Leaving directory '/root/tizenrt/apps/examples/wave_gen'
make[3]: Entering directory '/root/tizenrt/apps/examples/smart_test'
make[3]: Nothing to be done for 'context'.
make[3]: Leaving directory '/root/tizenrt/apps/examples/smart_test'
make[3]: Entering directory '/root/tizenrt/apps/examples/kernel_sample'
make[3]: Nothing to be done for 'context'.
make[3]: Leaving directory '/root/tizenrt/apps/examples/kernel_sample'
make[3]: Entering directory '/root/tizenrt/apps/examples/err_report_demo'
make[3]: Nothing to be done for 'context'.
make[3]: Leaving directory '/root/tizenrt/apps/examples/err_report_demo'
make[3]: Entering directory '/root/tizenrt/apps/examples/ftpc'
make[3]: Nothing to be done for 'context'.
make[3]: Leaving directory '/root/tizenrt/apps/examples/ftpc'
make[3]: Entering directory '/root/tizenrt/apps/examples/telnetd'
make[3]: Nothing to be done for 'context'.
make[3]: Leaving directory '/root/tizenrt/apps/examples/telnetd'
make[3]: Entering directory '/root/tizenrt/apps/examples/dm_wifi_test'
make[3]: Nothing to be done for 'context'.
make[3]: Leaving directory '/root/tizenrt/apps/examples/dm_wifi_test'
make[3]: Entering directory '/root/tizenrt/apps/examples/fota_sample'
make[3]: Nothing to be done for 'context'.
make[3]: Leaving directory '/root/tizenrt/apps/examples/fota_sample'
make[3]: Entering directory '/root/tizenrt/apps/examples/smtp_client'
make[3]: Nothing to be done for 'context'.
make[3]: Leaving directory '/root/tizenrt/apps/examples/smtp_client'
make[3]: Entering directory '/root/tizenrt/apps/examples/wifi_manager_sample'
make[3]: Nothing to be done for 'context'.
make[3]: Leaving directory '/root/tizenrt/apps/examples/wifi_manager_sample'
make[3]: Entering directory '/root/tizenrt/apps/examples/tls_selftest'
make[3]: Nothing to be done for 'context'.
make[3]: Leaving directory '/root/tizenrt/apps/examples/tls_selftest'
make[3]: Entering directory '/root/tizenrt/apps/examples/avs_test'
make[3]: Nothing to be done for 'context'.
make[3]: Leaving directory '/root/tizenrt/apps/examples/avs_test'
make[3]: Entering directory '/root/tizenrt/apps/examples/aws'
make[3]: Nothing to be done for 'context'.
make[3]: Leaving directory '/root/tizenrt/apps/examples/aws'
make[3]: Entering directory '/root/tizenrt/apps/examples/ftpd'
make[3]: Nothing to be done for 'context'.
make[3]: Leaving directory '/root/tizenrt/apps/examples/ftpd'
make[3]: Entering directory '/root/tizenrt/apps/examples/protobuf_test'
make[3]: Nothing to be done for 'context'.
make[3]: Leaving directory '/root/tizenrt/apps/examples/protobuf_test'
make[3]: Entering directory '/root/tizenrt/apps/examples/grpc_route_client'
make[3]: Nothing to be done for 'context'.
make[3]: Leaving directory '/root/tizenrt/apps/examples/grpc_route_client'
make[3]: Entering directory '/root/tizenrt/apps/examples/libcoap_server'
make[3]: Nothing to be done for 'context'.
make[3]: Leaving directory '/root/tizenrt/apps/examples/libcoap_server'
make[3]: Entering directory '/root/tizenrt/apps/examples/lwm2m_test'
make[3]: Nothing to be done for 'context'.
make[3]: Leaving directory '/root/tizenrt/apps/examples/lwm2m_test'
make[3]: Entering directory '/root/tizenrt/apps/examples/fs_helper'
make[3]: Nothing to be done for 'context'.
make[3]: Leaving directory '/root/tizenrt/apps/examples/fs_helper'
make[3]: Entering directory '/root/tizenrt/apps/examples/mediaplayer'
make[3]: Nothing to be done for 'context'.
make[3]: Leaving directory '/root/tizenrt/apps/examples/mediaplayer'
make[3]: Entering directory '/root/tizenrt/apps/examples/websocket'
make[3]: Nothing to be done for 'context'.
make[3]: Leaving directory '/root/tizenrt/apps/examples/websocket'
make[3]: Entering directory '/root/tizenrt/apps/examples/protobuf'
make[3]: Nothing to be done for 'context'.
make[3]: Leaving directory '/root/tizenrt/apps/examples/protobuf'
make[3]: Entering directory '/root/tizenrt/apps/examples/nettest'
make[3]: Nothing to be done for 'context'.
make[3]: Leaving directory '/root/tizenrt/apps/examples/nettest'
make[3]: Entering directory '/root/tizenrt/apps/examples/st_things'
make[3]: Nothing to be done for 'context'.
make[3]: Leaving directory '/root/tizenrt/apps/examples/st_things'
make[3]: Entering directory '/root/tizenrt/apps/examples/i2schar'
make[3]: Nothing to be done for 'context'.
make[3]: Leaving directory '/root/tizenrt/apps/examples/i2schar'
make[3]: Entering directory '/root/tizenrt/apps/examples/mediarecorder'
make[3]: Nothing to be done for 'context'.
make[3]: Leaving directory '/root/tizenrt/apps/examples/mediarecorder'
make[3]: Entering directory '/root/tizenrt/apps/examples/setjmp'
make[3]: Nothing to be done for 'context'.
make[3]: Leaving directory '/root/tizenrt/apps/examples/setjmp'
make[3]: Entering directory '/root/tizenrt/apps/examples/dtls_client'
make[3]: Nothing to be done for 'context'.
make[3]: Leaving directory '/root/tizenrt/apps/examples/dtls_client'
make[3]: Entering directory '/root/tizenrt/apps/examples/testcase'
make[3]: Nothing to be done for 'context'.
make[3]: Leaving directory '/root/tizenrt/apps/examples/testcase'
make[3]: Entering directory '/root/tizenrt/apps/examples/security_test'
Register: security_test
make[3]: Leaving directory '/root/tizenrt/apps/examples/security_test'
make[3]: Entering directory '/root/tizenrt/apps/examples/iotivity_simpleserver'
make[3]: Nothing to be done for 'context'.
make[3]: Leaving directory '/root/tizenrt/apps/examples/iotivity_simpleserver'
make[3]: Entering directory '/root/tizenrt/apps/examples/xmlrpc'
make[3]: Nothing to be done for 'context'.
make[3]: Leaving directory '/root/tizenrt/apps/examples/xmlrpc'
make[3]: Entering directory '/root/tizenrt/apps/examples/timer'
make[3]: Nothing to be done for 'context'.
make[3]: Leaving directory '/root/tizenrt/apps/examples/timer'
make[3]: Entering directory '/root/tizenrt/apps/examples/artik_demo'
make[3]: Nothing to be done for 'context'.
make[3]: Leaving directory '/root/tizenrt/apps/examples/artik_demo'
make[3]: Entering directory '/root/tizenrt/apps/examples/eeprom_test'
make[3]: Nothing to be done for 'context'.
make[3]: Leaving directory '/root/tizenrt/apps/examples/eeprom_test'
make[3]: Entering directory '/root/tizenrt/apps/examples/protobuf_enc'
make[3]: Nothing to be done for 'context'.
make[3]: Leaving directory '/root/tizenrt/apps/examples/protobuf_enc'
make[3]: Entering directory '/root/tizenrt/apps/examples/mdns_test'
make[3]: Nothing to be done for 'context'.
make[3]: Leaving directory '/root/tizenrt/apps/examples/mdns_test'
make[3]: Entering directory '/root/tizenrt/apps/examples/libtuv'
make[3]: Nothing to be done for 'context'.
make[3]: Leaving directory '/root/tizenrt/apps/examples/libtuv'
make[3]: Entering directory '/root/tizenrt/apps/examples/webclient'
make[3]: Nothing to be done for 'context'.
make[3]: Leaving directory '/root/tizenrt/apps/examples/webclient'
make[3]: Entering directory '/root/tizenrt/apps/examples/tls_client'
make[3]: Nothing to be done for 'context'.
make[3]: Leaving directory '/root/tizenrt/apps/examples/tls_client'
make[3]: Entering directory '/root/tizenrt/apps/examples/proc_test'
make[3]: Nothing to be done for 'context'.
make[3]: Leaving directory '/root/tizenrt/apps/examples/proc_test'
make[3]: Entering directory '/root/tizenrt/apps/examples/cxxtest'
make[3]: Nothing to be done for 'context'.
make[3]: Leaving directory '/root/tizenrt/apps/examples/cxxtest'
make[3]: Entering directory '/root/tizenrt/apps/examples/curl_test'
make[3]: Nothing to be done for 'context'.
make[3]: Leaving directory '/root/tizenrt/apps/examples/curl_test'
make[3]: Entering directory '/root/tizenrt/apps/examples/hello'
Register: hello
make[3]: Leaving directory '/root/tizenrt/apps/examples/hello'
make[2]: Leaving directory '/root/tizenrt/apps/examples'
make[2]: Entering directory '/root/tizenrt/apps'
make[3]: Entering directory '/root/tizenrt/apps/examples/security_test'
Register: security_test
make[3]: Leaving directory '/root/tizenrt/apps/examples/security_test'
make[3]: Entering directory '/root/tizenrt/apps/examples/hello'
Register: hello
make[3]: Leaving directory '/root/tizenrt/apps/examples/hello'
make[3]: Entering directory '/root/tizenrt/apps/builtin'
make[4]: Entering directory '/root/tizenrt/apps/builtin/registry'
make[4]: Nothing to be done for 'context'.
make[4]: Leaving directory '/root/tizenrt/apps/builtin/registry'
make[3]: Leaving directory '/root/tizenrt/apps/builtin'
make[3]: Entering directory '/root/tizenrt/apps/shell'
make[3]: Nothing to be done for 'context'.
make[3]: Leaving directory '/root/tizenrt/apps/shell'
make[3]: Entering directory '/root/tizenrt/apps/system/readline'
make[3]: Nothing to be done for 'context'.
make[3]: Leaving directory '/root/tizenrt/apps/system/readline'
make[3]: Entering directory '/root/tizenrt/apps/system/sysinfo'
make[3]: Nothing to be done for 'context'.
make[3]: Leaving directory '/root/tizenrt/apps/system/sysinfo'
make[3]: Entering directory '/root/tizenrt/apps/system/utils'
make[3]: Nothing to be done for 'context'.
make[3]: Leaving directory '/root/tizenrt/apps/system/utils'
make[3]: Entering directory '/root/tizenrt/apps/system/init'
make[3]: Nothing to be done for 'context'.
make[3]: Leaving directory '/root/tizenrt/apps/system/init'
make[3]: Entering directory '/root/tizenrt/apps/system/ramtest'
Register: ramtest
make[3]: Leaving directory '/root/tizenrt/apps/system/ramtest'
make[3]: Entering directory '/root/tizenrt/apps/platform'
LN: platform/board to /root/tizenrt/apps/platform/dummy
make[3]: Leaving directory '/root/tizenrt/apps/platform'
make[2]: Leaving directory '/root/tizenrt/apps'
make[1]: Leaving directory '/root/tizenrt/apps'
make[1]: Entering directory '/root/tizenrt/tools'
make[1]: Nothing to be done for 'context'.
make[1]: Leaving directory '/root/tizenrt/tools'
make[1]: Entering directory '/root/tizenrt/os/mm'
make[1]: Leaving directory '/root/tizenrt/os/mm'
make[1]: Entering directory '/root/tizenrt/os/kernel'
make[1]: Nothing to be done for 'depend'.
make[1]: Leaving directory '/root/tizenrt/os/kernel'
make[1]: Entering directory '/root/tizenrt/os/arch/arm/src'
make[2]: Entering directory '/root/tizenrt/os/board/artik05x/src'
Makefile:127: recipe for target '.depend' failed
make[2]: Leaving directory '/root/tizenrt/os/board/artik05x/src'
make[2]: *** [.depend] Error 1
Makefile:214: recipe for target '.depend' failed
make[1]: Leaving directory '/root/tizenrt/os/arch/arm/src'
make[1]: *** [.depend] Error 2
make[1]: Entering directory '/root/tizenrt/apps'
make[2]: Entering directory '/root/tizenrt/apps/examples'
make[3]: Entering directory '/root/tizenrt/apps/examples/mtdpart'
make[3]: Nothing to be done for 'context'.
make[3]: Leaving directory '/root/tizenrt/apps/examples/mtdpart'
make[3]: Entering directory '/root/tizenrt/apps/examples/ntpclient_test'
make[3]: Nothing to be done for 'context'.
make[3]: Leaving directory '/root/tizenrt/apps/examples/ntpclient_test'
make[3]: Entering directory '/root/tizenrt/apps/examples/helloxx'
make[3]: Nothing to be done for 'context'.
make[3]: Leaving directory '/root/tizenrt/apps/examples/helloxx'
make[3]: Entering directory '/root/tizenrt/apps/examples/mqtt_test'
make[3]: Nothing to be done for 'context'.
make[3]: Leaving directory '/root/tizenrt/apps/examples/mqtt_test'
make[3]: Entering directory '/root/tizenrt/apps/examples/tls_server'
make[3]: Nothing to be done for 'context'.
make[3]: Leaving directory '/root/tizenrt/apps/examples/tls_server'
make[3]: Entering directory '/root/tizenrt/apps/examples/iotbus_test'
make[3]: Nothing to be done for 'context'.
make[3]: Leaving directory '/root/tizenrt/apps/examples/iotbus_test'
make[3]: Entering directory '/root/tizenrt/apps/examples/mpu'
make[3]: Nothing to be done for 'context'.
make[3]: Leaving directory '/root/tizenrt/apps/examples/mpu'
make[3]: Entering directory '/root/tizenrt/apps/examples/libcoap_client'
make[3]: Nothing to be done for 'context'.
make[3]: Leaving directory '/root/tizenrt/apps/examples/libcoap_client'
make[3]: Entering directory '/root/tizenrt/apps/examples/mediastreamer'
make[3]: Nothing to be done for 'context'.
make[3]: Leaving directory '/root/tizenrt/apps/examples/mediastreamer'
make[3]: Entering directory '/root/tizenrt/apps/examples/grpc_greeter_client'
make[3]: Nothing to be done for 'context'.
make[3]: Leaving directory '/root/tizenrt/apps/examples/grpc_greeter_client'
make[3]: Entering directory '/root/tizenrt/apps/examples/iotjs_startup'
make[3]: Nothing to be done for 'context'.
make[3]: Leaving directory '/root/tizenrt/apps/examples/iotjs_startup'
make[3]: Entering directory '/root/tizenrt/apps/examples/tls_benchmark'
make[3]: Nothing to be done for 'context'.
make[3]: Leaving directory '/root/tizenrt/apps/examples/tls_benchmark'
make[3]: Entering directory '/root/tizenrt/apps/examples/sensorbd_demo'
make[3]: Nothing to be done for 'context'.
make[3]: Leaving directory '/root/tizenrt/apps/examples/sensorbd_demo'
make[3]: Entering directory '/root/tizenrt/apps/examples/dtls_server'
make[3]: Nothing to be done for 'context'.
make[3]: Leaving directory '/root/tizenrt/apps/examples/dtls_server'
make[3]: Entering directory '/root/tizenrt/apps/examples/wakaama_client'
make[3]: Nothing to be done for 'context'.
make[3]: Leaving directory '/root/tizenrt/apps/examples/wakaama_client'
make[3]: Entering directory '/root/tizenrt/apps/examples/speech_detector_test'
make[3]: Nothing to be done for 'context'.
make[3]: Leaving directory '/root/tizenrt/apps/examples/speech_detector_test'
make[3]: Entering directory '/root/tizenrt/apps/examples/task_manager_sample'
make[3]: Nothing to be done for 'context'.
make[3]: Leaving directory '/root/tizenrt/apps/examples/task_manager_sample'
make[3]: Entering directory '/root/tizenrt/apps/examples/cy4390x_demo'
make[3]: Nothing to be done for 'context'.
make[3]: Leaving directory '/root/tizenrt/apps/examples/cy4390x_demo'
make[3]: Entering directory '/root/tizenrt/apps/examples/smart'
make[3]: Nothing to be done for 'context'.
make[3]: Leaving directory '/root/tizenrt/apps/examples/smart'
make[3]: Entering directory '/root/tizenrt/apps/examples/dnsclient_test'
make[3]: Nothing to be done for 'context'.
make[3]: Leaving directory '/root/tizenrt/apps/examples/dnsclient_test'
make[3]: Entering directory '/root/tizenrt/apps/examples/select_test'
make[3]: Nothing to be done for 'context'.
make[3]: Leaving directory '/root/tizenrt/apps/examples/select_test'
make[3]: Entering directory '/root/tizenrt/apps/examples/ttrace'
make[3]: Nothing to be done for 'context'.
make[3]: Leaving directory '/root/tizenrt/apps/examples/ttrace'
make[3]: Entering directory '/root/tizenrt/apps/examples/eventloop'
make[3]: Nothing to be done for 'context'.
make[3]: Leaving directory '/root/tizenrt/apps/examples/eventloop'
make[3]: Entering directory '/root/tizenrt/apps/examples/webserver'
make[3]: Nothing to be done for 'context'.
make[3]: Leaving directory '/root/tizenrt/apps/examples/webserver'
make[3]: Entering directory '/root/tizenrt/apps/examples/wave_gen'
make[3]: Nothing to be done for 'context'.
make[3]: Leaving directory '/root/tizenrt/apps/examples/wave_gen'
make[3]: Entering directory '/root/tizenrt/apps/examples/smart_test'
make[3]: Nothing to be done for 'context'.
make[3]: Leaving directory '/root/tizenrt/apps/examples/smart_test'
make[3]: Entering directory '/root/tizenrt/apps/examples/kernel_sample'
make[3]: Nothing to be done for 'context'.
make[3]: Leaving directory '/root/tizenrt/apps/examples/kernel_sample'
make[3]: Entering directory '/root/tizenrt/apps/examples/err_report_demo'
make[3]: Nothing to be done for 'context'.
make[3]: Leaving directory '/root/tizenrt/apps/examples/err_report_demo'
make[3]: Entering directory '/root/tizenrt/apps/examples/ftpc'
make[3]: Nothing to be done for 'context'.
make[3]: Leaving directory '/root/tizenrt/apps/examples/ftpc'
make[3]: Entering directory '/root/tizenrt/apps/examples/telnetd'
make[3]: Nothing to be done for 'context'.
make[3]: Leaving directory '/root/tizenrt/apps/examples/telnetd'
make[3]: Entering directory '/root/tizenrt/apps/examples/dm_wifi_test'
make[3]: Nothing to be done for 'context'.
make[3]: Leaving directory '/root/tizenrt/apps/examples/dm_wifi_test'
make[3]: Entering directory '/root/tizenrt/apps/examples/fota_sample'
make[3]: Nothing to be done for 'context'.
make[3]: Leaving directory '/root/tizenrt/apps/examples/fota_sample'
make[3]: Entering directory '/root/tizenrt/apps/examples/smtp_client'
make[3]: Nothing to be done for 'context'.
make[3]: Leaving directory '/root/tizenrt/apps/examples/smtp_client'
make[3]: Entering directory '/root/tizenrt/apps/examples/wifi_manager_sample'
make[3]: Nothing to be done for 'context'.
make[3]: Leaving directory '/root/tizenrt/apps/examples/wifi_manager_sample'
make[3]: Entering directory '/root/tizenrt/apps/examples/tls_selftest'
make[3]: Nothing to be done for 'context'.
make[3]: Leaving directory '/root/tizenrt/apps/examples/tls_selftest'
make[3]: Entering directory '/root/tizenrt/apps/examples/avs_test'
make[3]: Nothing to be done for 'context'.
make[3]: Leaving directory '/root/tizenrt/apps/examples/avs_test'
make[3]: Entering directory '/root/tizenrt/apps/examples/aws'
make[3]: Nothing to be done for 'context'.
make[3]: Leaving directory '/root/tizenrt/apps/examples/aws'
make[3]: Entering directory '/root/tizenrt/apps/examples/ftpd'
make[3]: Nothing to be done for 'context'.
make[3]: Leaving directory '/root/tizenrt/apps/examples/ftpd'
make[3]: Entering directory '/root/tizenrt/apps/examples/protobuf_test'
make[3]: Nothing to be done for 'context'.
make[3]: Leaving directory '/root/tizenrt/apps/examples/protobuf_test'
make[3]: Entering directory '/root/tizenrt/apps/examples/grpc_route_client'
make[3]: Nothing to be done for 'context'.
make[3]: Leaving directory '/root/tizenrt/apps/examples/grpc_route_client'
make[3]: Entering directory '/root/tizenrt/apps/examples/libcoap_server'
make[3]: Nothing to be done for 'context'.
make[3]: Leaving directory '/root/tizenrt/apps/examples/libcoap_server'
make[3]: Entering directory '/root/tizenrt/apps/examples/lwm2m_test'
make[3]: Nothing to be done for 'context'.
make[3]: Leaving directory '/root/tizenrt/apps/examples/lwm2m_test'
make[3]: Entering directory '/root/tizenrt/apps/examples/fs_helper'
make[3]: Nothing to be done for 'context'.
make[3]: Leaving directory '/root/tizenrt/apps/examples/fs_helper'
make[3]: Entering directory '/root/tizenrt/apps/examples/mediaplayer'
make[3]: Nothing to be done for 'context'.
make[3]: Leaving directory '/root/tizenrt/apps/examples/mediaplayer'
make[3]: Entering directory '/root/tizenrt/apps/examples/websocket'
make[3]: Nothing to be done for 'context'.
make[3]: Leaving directory '/root/tizenrt/apps/examples/websocket'
make[3]: Entering directory '/root/tizenrt/apps/examples/protobuf'
make[3]: Nothing to be done for 'context'.
make[3]: Leaving directory '/root/tizenrt/apps/examples/protobuf'
make[3]: Entering directory '/root/tizenrt/apps/examples/nettest'
make[3]: Nothing to be done for 'context'.
make[3]: Leaving directory '/root/tizenrt/apps/examples/nettest'
make[3]: Entering directory '/root/tizenrt/apps/examples/st_things'
make[3]: Nothing to be done for 'context'.
make[3]: Leaving directory '/root/tizenrt/apps/examples/st_things'
make[3]: Entering directory '/root/tizenrt/apps/examples/i2schar'
make[3]: Nothing to be done for 'context'.
make[3]: Leaving directory '/root/tizenrt/apps/examples/i2schar'
make[3]: Entering directory '/root/tizenrt/apps/examples/mediarecorder'
make[3]: Nothing to be done for 'context'.
make[3]: Leaving directory '/root/tizenrt/apps/examples/mediarecorder'
make[3]: Entering directory '/root/tizenrt/apps/examples/setjmp'
make[3]: Nothing to be done for 'context'.
make[3]: Leaving directory '/root/tizenrt/apps/examples/setjmp'
make[3]: Entering directory '/root/tizenrt/apps/examples/dtls_client'
make[3]: Nothing to be done for 'context'.
make[3]: Leaving directory '/root/tizenrt/apps/examples/dtls_client'
make[3]: Entering directory '/root/tizenrt/apps/examples/testcase'
make[3]: Nothing to be done for 'context'.
make[3]: Leaving directory '/root/tizenrt/apps/examples/testcase'
make[3]: Entering directory '/root/tizenrt/apps/examples/security_test'
Register: security_test
make[3]: Leaving directory '/root/tizenrt/apps/examples/security_test'
make[3]: Entering directory '/root/tizenrt/apps/examples/iotivity_simpleserver'
make[3]: Nothing to be done for 'context'.
make[3]: Leaving directory '/root/tizenrt/apps/examples/iotivity_simpleserver'
make[3]: Entering directory '/root/tizenrt/apps/examples/xmlrpc'
make[3]: Nothing to be done for 'context'.
make[3]: Leaving directory '/root/tizenrt/apps/examples/xmlrpc'
make[3]: Entering directory '/root/tizenrt/apps/examples/timer'
make[3]: Nothing to be done for 'context'.
make[3]: Leaving directory '/root/tizenrt/apps/examples/timer'
make[3]: Entering directory '/root/tizenrt/apps/examples/artik_demo'
make[3]: Nothing to be done for 'context'.
make[3]: Leaving directory '/root/tizenrt/apps/examples/artik_demo'
make[3]: Entering directory '/root/tizenrt/apps/examples/eeprom_test'
make[3]: Nothing to be done for 'context'.
make[3]: Leaving directory '/root/tizenrt/apps/examples/eeprom_test'
make[3]: Entering directory '/root/tizenrt/apps/examples/protobuf_enc'
make[3]: Nothing to be done for 'context'.
make[3]: Leaving directory '/root/tizenrt/apps/examples/protobuf_enc'
make[3]: Entering directory '/root/tizenrt/apps/examples/mdns_test'
make[3]: Nothing to be done for 'context'.
make[3]: Leaving directory '/root/tizenrt/apps/examples/mdns_test'
make[3]: Entering directory '/root/tizenrt/apps/examples/libtuv'
make[3]: Nothing to be done for 'context'.
make[3]: Leaving directory '/root/tizenrt/apps/examples/libtuv'
make[3]: Entering directory '/root/tizenrt/apps/examples/webclient'
make[3]: Nothing to be done for 'context'.
make[3]: Leaving directory '/root/tizenrt/apps/examples/webclient'
make[3]: Entering directory '/root/tizenrt/apps/examples/tls_client'
make[3]: Nothing to be done for 'context'.
make[3]: Leaving directory '/root/tizenrt/apps/examples/tls_client'
make[3]: Entering directory '/root/tizenrt/apps/examples/proc_test'
make[3]: Nothing to be done for 'context'.
make[3]: Leaving directory '/root/tizenrt/apps/examples/proc_test'
make[3]: Entering directory '/root/tizenrt/apps/examples/cxxtest'
make[3]: Nothing to be done for 'context'.
make[3]: Leaving directory '/root/tizenrt/apps/examples/cxxtest'
make[3]: Entering directory '/root/tizenrt/apps/examples/curl_test'
make[3]: Nothing to be done for 'context'.
make[3]: Leaving directory '/root/tizenrt/apps/examples/curl_test'
make[3]: Entering directory '/root/tizenrt/apps/examples/hello'
Register: hello
make[3]: Leaving directory '/root/tizenrt/apps/examples/hello'
make[2]: Leaving directory '/root/tizenrt/apps/examples'
make[2]: Entering directory '/root/tizenrt/apps'
make[3]: Entering directory '/root/tizenrt/apps/examples/security_test'
Register: security_test
make[3]: Leaving directory '/root/tizenrt/apps/examples/security_test'
make[3]: Entering directory '/root/tizenrt/apps/examples/hello'
Register: hello
make[3]: Leaving directory '/root/tizenrt/apps/examples/hello'
make[3]: Entering directory '/root/tizenrt/apps/builtin'
make[4]: Entering directory '/root/tizenrt/apps/builtin/registry'
make[4]: Nothing to be done for 'context'.
make[4]: Leaving directory '/root/tizenrt/apps/builtin/registry'
make[3]: Leaving directory '/root/tizenrt/apps/builtin'
make[3]: Entering directory '/root/tizenrt/apps/shell'
make[3]: Nothing to be done for 'context'.
make[3]: Leaving directory '/root/tizenrt/apps/shell'
make[3]: Entering directory '/root/tizenrt/apps/system/readline'
make[3]: Nothing to be done for 'context'.
make[3]: Leaving directory '/root/tizenrt/apps/system/readline'
make[3]: Entering directory '/root/tizenrt/apps/system/sysinfo'
make[3]: Nothing to be done for 'context'.
make[3]: Leaving directory '/root/tizenrt/apps/system/sysinfo'
make[3]: Entering directory '/root/tizenrt/apps/system/utils'
make[3]: Nothing to be done for 'context'.
make[3]: Leaving directory '/root/tizenrt/apps/system/utils'
make[3]: Entering directory '/root/tizenrt/apps/system/init'
make[3]: Nothing to be done for 'context'.
make[3]: Leaving directory '/root/tizenrt/apps/system/init'
make[3]: Entering directory '/root/tizenrt/apps/system/ramtest'
Register: ramtest
make[3]: Leaving directory '/root/tizenrt/apps/system/ramtest'
make[3]: Entering directory '/root/tizenrt/apps/platform'
LN: platform/board to /root/tizenrt/apps/platform/dummy
make[3]: Leaving directory '/root/tizenrt/apps/platform'
make[2]: Leaving directory '/root/tizenrt/apps'
make[2]: Entering directory '/root/tizenrt/apps/examples/security_test'
make[2]: Nothing to be done for 'depend'.
make[2]: Leaving directory '/root/tizenrt/apps/examples/security_test'
make[2]: Entering directory '/root/tizenrt/apps/examples/hello'
make[2]: Nothing to be done for 'depend'.
make[2]: Leaving directory '/root/tizenrt/apps/examples/hello'
make[2]: Entering directory '/root/tizenrt/apps/builtin'
make[2]: Leaving directory '/root/tizenrt/apps/builtin'
make[2]: Entering directory '/root/tizenrt/apps/shell'
make[2]: Nothing to be done for 'depend'.
make[2]: Leaving directory '/root/tizenrt/apps/shell'
make[2]: Entering directory '/root/tizenrt/apps/system/readline'
make[2]: Nothing to be done for 'depend'.
make[2]: Leaving directory '/root/tizenrt/apps/system/readline'
make[2]: Entering directory '/root/tizenrt/apps/system/sysinfo'
make[2]: Nothing to be done for 'depend'.
make[2]: Leaving directory '/root/tizenrt/apps/system/sysinfo'
make[2]: Entering directory '/root/tizenrt/apps/system/utils'
make[2]: Nothing to be done for 'depend'.
make[2]: Leaving directory '/root/tizenrt/apps/system/utils'
make[2]: Entering directory '/root/tizenrt/apps/system/init'
make[2]: Nothing to be done for 'depend'.
make[2]: Leaving directory '/root/tizenrt/apps/system/init'
make[2]: Entering directory '/root/tizenrt/apps/system/ramtest'
make[2]: Nothing to be done for 'depend'.
make[2]: Leaving directory '/root/tizenrt/apps/system/ramtest'
make[2]: Entering directory '/root/tizenrt/apps/platform'
LN: platform/board to /root/tizenrt/apps/platform/dummy
make[2]: Leaving directory '/root/tizenrt/apps/platform'
make[1]: Leaving directory '/root/tizenrt/apps'
make[1]: Entering directory '/root/tizenrt/external'
make[2]: Entering directory '/root/tizenrt/external/json'
make[2]: Nothing to be done for 'depend'.
make[2]: Leaving directory '/root/tizenrt/external/json'
make[2]: Entering directory '/root/tizenrt/external/stress_tool'
make[2]: Nothing to be done for 'depend'.
make[2]: Leaving directory '/root/tizenrt/external/stress_tool'
make[1]: Leaving directory '/root/tizenrt/external'
make[1]: Entering directory '/root/tizenrt/framework'
make[1]: Nothing to be done for 'depend'.
make[1]: Leaving directory '/root/tizenrt/framework'
make[1]: Entering directory '/root/tizenrt/tools'
make[1]: Nothing to be done for 'depend'.
make[1]: Leaving directory '/root/tizenrt/tools'
make[1]: Entering directory '/root/tizenrt/os/se'
make[1]: Leaving directory '/root/tizenrt/os/se'
make[1]: Entering directory '/root/tizenrt/lib/libc'
make[1]: Nothing to be done for 'depend'.
make[1]: Leaving directory '/root/tizenrt/lib/libc'
make[1]: Entering directory '/root/tizenrt/os/mm'
make[1]: Leaving directory '/root/tizenrt/os/mm'
make[1]: Entering directory '/root/tizenrt/os/fs'
make[1]: Nothing to be done for 'depend'.
make[1]: Leaving directory '/root/tizenrt/os/fs'
make[1]: Entering directory '/root/tizenrt/os/drivers'
make[1]: Nothing to be done for 'depend'.
make[1]: Leaving directory '/root/tizenrt/os/drivers'
make[1]: Entering directory '/root/tizenrt/os/kernel'
make[1]: 'libkernel.a' is up to date.
make[1]: Leaving directory '/root/tizenrt/os/kernel'
make[1]: Entering directory '/root/tizenrt/lib/libc'
make[1]: 'libc.a' is up to date.
make[1]: Leaving directory '/root/tizenrt/lib/libc'
make[1]: Entering directory '/root/tizenrt/os/mm'
CC:  mm_heap/mm_heap_regioninfo.c
AR:    bin/mm_initialize.o  bin/mm_sem.o  bin/mm_addfreechunk.o  bin/mm_size2ndx.o  bin/mm_shrinkchunk.o  bin/mm_brkaddr.o  bin/mm_calloc.o  bin/mm_extend.o  bin/mm_free.o  bin/mm_mallinfo.o  bin/mm_malloc.o  bin/mm_memalign.o  bin/mm_realloc.o  bin/mm_zalloc.o  bin/mm_heap_regioninfo.o  bin/mm_getheap.o  bin/mm_heapinfo.o  bin/umm_initialize.o  bin/umm_addregion.o  bin/umm_sem.o  bin/umm_brkaddr.o  bin/umm_calloc.o  bin/umm_extend.o  bin/umm_free.o  bin/umm_mallinfo.o  bin/umm_malloc.o  bin/umm_memalign.o  bin/umm_realloc.o  bin/umm_zalloc.o
make[1]: Leaving directory '/root/tizenrt/os/mm'
make[1]: Entering directory '/root/tizenrt/os/arch/arm/src'
make[1]: 'libarch.a' is up to date.
make[1]: Leaving directory '/root/tizenrt/os/arch/arm/src'
make[1]: Entering directory '/root/tizenrt/apps'
make[2]: Entering directory '/root/tizenrt/apps/examples/security_test'
make[2]: Nothing to be done for 'all'.
make[2]: Leaving directory '/root/tizenrt/apps/examples/security_test'
make[2]: Entering directory '/root/tizenrt/apps/examples/hello'
make[2]: Nothing to be done for 'all'.
make[2]: Leaving directory '/root/tizenrt/apps/examples/hello'
make[2]: Entering directory '/root/tizenrt/apps/builtin'
CC:  builtin_list.c
AR:   builtin_list.o
make[2]: Leaving directory '/root/tizenrt/apps/builtin'
make[2]: Entering directory '/root/tizenrt/apps/shell'
make[2]: Nothing to be done for 'all'.
make[2]: Leaving directory '/root/tizenrt/apps/shell'
make[2]: Entering directory '/root/tizenrt/apps/system/readline'
make[2]: Nothing to be done for 'all'.
make[2]: Leaving directory '/root/tizenrt/apps/system/readline'
make[2]: Entering directory '/root/tizenrt/apps/system/sysinfo'
CC:  sysinfo.c
AR:    sysinfo.o
make[2]: Leaving directory '/root/tizenrt/apps/system/sysinfo'
make[2]: Entering directory '/root/tizenrt/apps/system/utils'
make[2]: Nothing to be done for 'all'.
make[2]: Leaving directory '/root/tizenrt/apps/system/utils'
make[2]: Entering directory '/root/tizenrt/apps/system/init'
make[2]: Nothing to be done for 'all'.
make[2]: Leaving directory '/root/tizenrt/apps/system/init'
make[2]: Entering directory '/root/tizenrt/apps/system/ramtest'
make[2]: Nothing to be done for 'all'.
make[2]: Leaving directory '/root/tizenrt/apps/system/ramtest'
make[2]: Entering directory '/root/tizenrt/apps/platform'
make[2]: Nothing to be done for 'all'.
make[2]: Leaving directory '/root/tizenrt/apps/platform'
make[1]: Leaving directory '/root/tizenrt/apps'
make[1]: Entering directory '/root/tizenrt/external'
make[2]: Entering directory '/root/tizenrt/external/json'
make[2]: Nothing to be done for 'all'.
make[2]: Leaving directory '/root/tizenrt/external/json'
make[2]: Entering directory '/root/tizenrt/external/stress_tool'
make[2]: Nothing to be done for 'all'.
make[2]: Leaving directory '/root/tizenrt/external/stress_tool'
AR:    
make[1]: Leaving directory '/root/tizenrt/external'
make[1]: Entering directory '/root/tizenrt/os/fs'
CC:  procfs/fs_procfsversion.c
AR:   fs_initialize.o fs_files.o fs_foreachinode.o fs_inode.o fs_inodeaddref.o fs_inodebasename.o fs_inodefind.o fs_inoderelease.o fs_inoderemove.o fs_inodereserve.o fs_close.o fs_dup.o fs_dup2.o fs_fcntl.o fs_dupfd.o fs_dupfd2.o fs_fstat.o fs_fstatfs.o fs_getfilep.o fs_ioctl.o fs_lseek.o fs_mkdir.o fs_open.o fs_poll.o fs_read.o fs_rename.o fs_rmdir.o fs_stat.o fs_statfs.o fs_select.o fs_unlink.o fs_write.o fs_fsync.o fs_pread.o fs_pwrite.o fs_fdopen.o fs_registerdriver.o fs_unregisterdriver.o fs_registerblockdriver.o fs_unregisterblockdriver.o fs_findblockdriver.o fs_openblockdriver.o fs_closeblockdriver.o ramdisk.o fs_blockproxy.o mtd_config.o ftl.o smart.o mtd_procfs.o mtd_partition.o mtd_progmem.o fs_closedir.o fs_opendir.o fs_readdir.o fs_rewinddir.o fs_seekdir.o mq_open.o mq_close.o mq_unlink.o fs_mount.o fs_umount.o fs_foreachmountpoint.o smartfs_smart.o smartfs_utils.o smartfs_procfs.o smartfs_mksmartfs.o fs_procfs.o fs_procfsutil.o fs_procfsproc.o fs_procfsuptime.o fs_procfscpuload.o fs_procfsversion.o
make[1]: Leaving directory '/root/tizenrt/os/fs'
make[1]: Entering directory '/root/tizenrt/os/drivers'
make[1]: 'libdrivers.a' is up to date.
make[1]: Leaving directory '/root/tizenrt/os/drivers'
make[1]: Entering directory '/root/tizenrt/os/se'
CC:  virtual/hal_virtual.c
AR:  virtual/hal_virtual.o
make[1]: Leaving directory '/root/tizenrt/os/se'
make[1]: Entering directory '/root/tizenrt/framework'
make[1]: 'libframework.a' is up to date.
make[1]: Leaving directory '/root/tizenrt/framework'
make[1]: Entering directory '/root/tizenrt/os/arch/arm/src'
make[2]: Entering directory '/root/tizenrt/os/board/artik05x/src'
make[2]: 'libboard.a' is up to date.
make[2]: Leaving directory '/root/tizenrt/os/board/artik05x/src'
LD: tinyara
make[1]: Leaving directory '/root/tizenrt/os/arch/arm/src'
CP: tinyara.bin
Start the Board Specific Work for Binary
ATTACHNS2: tinyara.bin --> tinyara_head.bin

  . Seeding the random number generator...
  . Reading private key from '/root/tizenrt/build/configs/artik05x/../../../os/../build/configs/artik05x/tools/codesigner/rsa_private.key'
  . Generating the RSA/SHA-256 signature
  . Done (created "/root/tizenrt/build/configs/artik05x/../../../os/../build/output/bin/tinyara_head.bin-signed")

######################################
##          Library Sizes           ##
######################################
	.data 	.bss 	.text 	 Total
	88 	44 	93788 	93920 	libfs.a
	24 	116 	52180 	52320 	libc.a
	3252 	16 	44932 	48200 	libapps.a
	0 	3116 	43745 	46861 	libkernel.a
	0 	0 	21948 	21948 	libdrivers.a
	1012 	2568 	18281 	21861 	libarch.a
	8 	852 	11151 	12011 	libmm.a
	0 	0 	5836 	5836 	libgcc.a
	12 	0 	3248 	3260 	libse.a
	0 	0 	2936 	2936 	libboard.a
	0 	0 	64 	64 	NOLIB
